<?xml version="1.0" encoding="UTF-8"?>
<!-- Generated by org.testng.reporters.JUnitReportReporter -->
<testsuite hostname="LAPTOP-9N1TAA6H" failures="0" tests="1" name="earleePayroll.MyEmployee" time="29.901" errors="0" timestamp="2025-03-19T18:35:48 CST" skipped="0">
  <testcase classname="earleePayroll.MyEmployee" name="MyEmployees" time="29.901"/>
  <system-out/>
</testsuite> <!-- earleePayroll.MyEmployee -->
