<?xml version="1.0" encoding="UTF-8"?>
<!-- Generated by org.testng.reporters.JUnitReportReporter -->
<testsuite hostname="LAPTOP-9N1TAA6H" failures="0" tests="1" name="earleePayroll.Login" time="4.003" errors="0" timestamp="2025-03-21T12:21:28 CST" skipped="0">
  <testcase classname="earleePayroll.Login" name="login" time="4.003"/>
  <system-out/>
</testsuite> <!-- earleePayroll.Login -->
