<?xml version="1.0" encoding="UTF-8"?>
<!-- Generated by org.testng.reporters.JUnitReportReporter -->
<testsuite hostname="LAPTOP-9N1TAA6H" failures="0" tests="1" name="earleePayroll.EditMemberDetails" time="8.423" errors="0" timestamp="2025-03-21T12:21:28 CST" skipped="0">
  <testcase classname="earleePayroll.EditMemberDetails" name="editMemberDetails" time="8.423"/>
  <system-out/>
</testsuite> <!-- earleePayroll.EditMemberDetails -->
