<?xml version="1.0" encoding="UTF-8"?>
<!-- Generated by org.testng.reporters.JUnitReportReporter -->
<testsuite hostname="LAPTOP-9N1TAA6H" failures="0" tests="1" name="earleePayroll.EmployeeLeave" time="10.259" errors="0" timestamp="2025-03-24T11:49:51 CST" skipped="0">
  <testcase classname="earleePayroll.EmployeeLeave" name="AddingLeave" time="10.259"/>
  <system-out/>
</testsuite> <!-- earleePayroll.EmployeeLeave -->
